This is LuaHBTeX, Version 1.13.2 (TeX Live 2021)  (format=lualatex 2021.11.2)  3 NOV 2021 11:22
 restricted system commands enabled.
**data_report.tex
(./data_report.tex
LaTeX2e <2021-06-01> patch level 1
Lua module: luaotfload 2021-05-21 3.18 Lua based OpenType font support
Lua module: lualibs 2021-05-20 2.74 ConTeXt Lua standard libraries.
Lua module: lualibs-extended 2021-05-20 2.74 ConTeXt Lua libraries -- extended collection.
luaotfload | conf : Root cache directory is "/Users/lorelong/Library/TinyTeX/texmf-var/luatex-cache/generic/names".
luaotfload | init : Loading fontloader "fontloader-2021-05-20.lua" from kpse-resolved path "/Users/lorelong/Library/TinyTeX/texmf-dist/tex/luatex/luaotfload/fontloader-2021-05-20.lua".
Lua-only attribute luaotfload@noligature = 1
Lua-only attribute luaotfload@syllabe = 2
luaotfload | init : Context OpenType loader version 3.116
Inserting `luaotfload.node_processor' at position 1 in `pre_linebreak_filter'.
Inserting `luaotfload.node_processor' at position 1 in `hpack_filter'.
Inserting `luaotfload.glyph_stream' at position 1 in `glyph_stream_provider'.
Inserting `luaotfload.define_font' at position 1 in `define_font'.
Lua-only attribute luaotfload_color_attribute = 3
luaotfload | conf : Root cache directory is "/Users/lorelong/Library/TinyTeX/texmf-var/luatex-cache/generic/names".
Inserting `luaotfload.harf.strip_prefix' at position 1 in `find_opentype_file'.
Inserting `luaotfload.harf.strip_prefix' at position 1 in `find_truetype_file'.
Inserting `luaotfload.harf.finalize_vlist' at position 1 in `post_linebreak_filter'.
Inserting `luaotfload.harf.finalize_hlist' at position 2 in `hpack_filter'.
Inserting `luaotfload.cleanup_files' at position 1 in `wrapup_run'.
Inserting `luaotfload.harf.finalize_unicode' at position 1 in `finish_pdffile'.
Inserting `luaotfload.glyphinfo' at position 1 in `glyph_info'.
Lua-only attribute luaotfload.letterspace_done = 4
Inserting `luaotfload.aux.set_sscale_dimens' at position 1 in `luaotfload.patch_font'.
Inserting `luaotfload.aux.set_font_index' at position 2 in `luaotfload.patch_font'.
Inserting `luaotfload.aux.patch_cambria_domh' at position 3 in `luaotfload.patch_font'.
Inserting `luaotfload.aux.fixup_fontdata' at position 1 in `luaotfload.patch_font_unsafe'.
Inserting `luaotfload.aux.set_capheight' at position 4 in `luaotfload.patch_font'.
Inserting `luaotfload.aux.set_xheight' at position 5 in `luaotfload.patch_font'.
Inserting `luaotfload.rewrite_fontname' at position 6 in `luaotfload.patch_font'. L3 programming layer <2021-10-18>
Inserting `tracingstacklevels' at position 1 in `input_level_string'. (/Users/lorelong/Library/TinyTeX/texmf-dist/tex/latex/base/article.cls
Document Class: article 2021/02/12 v1.4n Standard LaTeX document class
(/Users/lorelong/Library/TinyTeX/texmf-dist/tex/latex/base/size10.clo
File: size10.clo 2021/02/12 v1.4n Standard LaTeX file (size option)
luaotfload | db : Font names database loaded from /Users/lorelong/Library/TinyTeX/texmf-var/luatex-cache/generic/names/luaotfload-names.luc)
\c@part=\count179
\c@section=\count180
\c@subsection=\count181
\c@subsubsection=\count182
\c@paragraph=\count183
\c@subparagraph=\count184
\c@figure=\count185
\c@table=\count186
\abovecaptionskip=\skip47
\belowcaptionskip=\skip48
\bibindent=\dimen138
) (/Users/lorelong/Library/TinyTeX/texmf-dist/tex/latex/amsmath/amsmath.sty
Package: amsmath 2021/04/20 v2.17j AMS math features
\@mathmargin=\skip49
For additional information on amsmath, use the `?' option.
(/Users/lorelong/Library/TinyTeX/texmf-dist/tex/latex/amsmath/amstext.sty
Package: amstext 2000/06/29 v2.01 AMS text
(/Users/lorelong/Library/TinyTeX/texmf-dist/tex/latex/amsmath/amsgen.sty
File: amsgen.sty 1999/11/30 v2.0 generic functions
\@emptytoks=\toks16
\ex@=\dimen139
)) (/Users/lorelong/Library/TinyTeX/texmf-dist/tex/latex/amsmath/amsbsy.sty
Package: amsbsy 1999/11/29 v1.2d Bold Symbols
\pmbraise@=\dimen140
) (/Users/lorelong/Library/TinyTeX/texmf-dist/tex/latex/amsmath/amsopn.sty
Package: amsopn 2016/03/08 v2.02 operator names
)
\inf@bad=\count187
LaTeX Info: Redefining \frac on input line 236.
\uproot@=\count188
\leftroot@=\count189
LaTeX Info: Redefining \overline on input line 399.
\classnum@=\count190
\DOTSCASE@=\count191
LaTeX Info: Redefining \ldots on input line 496.
LaTeX Info: Redefining \dots on input line 499.
LaTeX Info: Redefining \cdots on input line 620.
\Mathstrutbox@=\box50
\strutbox@=\box51
\big@size=\dimen141
LaTeX Font Info:    Redeclaring font encoding OML on input line 743.
LaTeX Font Info:    Redeclaring font encoding OMS on input line 744.
\macc@depth=\count192
\c@MaxMatrixCols=\count193
\dotsspace@=\muskip16
\c@parentequation=\count194
\dspbrk@lvl=\count195
\tag@help=\toks17
\row@=\count196
\column@=\count197
\maxfields@=\count198
\andhelp@=\toks18
\eqnshift@=\dimen142
\alignsep@=\dimen143
\tagshift@=\dimen144
\tagwidth@=\dimen145
\totwidth@=\dimen146
\lineht@=\dimen147
\@envbody=\toks19
\multlinegap=\skip50
\multlinetaggap=\skip51
\mathdisplay@stack=\toks20
LaTeX Info: Redefining \[ on input line 2923.
LaTeX Info: Redefining \] on input line 2924.
) (/Users/lorelong/Library/TinyTeX/texmf-dist/tex/latex/amsfonts/amssymb.sty
Package: amssymb 2013/01/14 v3.01 AMS font symbols
(/Users/lorelong/Library/TinyTeX/texmf-dist/tex/latex/amsfonts/amsfonts.sty
Package: amsfonts 2013/01/14 v3.01 Basic AMSFonts support
\symAMSa=\mathgroup4
\symAMSb=\mathgroup5
LaTeX Font Info:    Redeclaring math symbol \hbar on input line 98.
LaTeX Font Info:    Overwriting math alphabet `\mathfrak' in version `bold'
(Font)                  U/euf/m/n --> U/euf/b/n on input line 106.
)) (/Users/lorelong/Library/TinyTeX/texmf-dist/tex/latex/lm/lmodern.sty
Package: lmodern 2015/05/01 v1.6.1 Latin Modern Fonts
LaTeX Font Info:    Overwriting symbol font `operators' in version `normal'
(Font)                  OT1/cmr/m/n --> OT1/lmr/m/n on input line 22.
LaTeX Font Info:    Overwriting symbol font `letters' in version `normal'
(Font)                  OML/cmm/m/it --> OML/lmm/m/it on input line 23.
LaTeX Font Info:    Overwriting symbol font `symbols' in version `normal'
(Font)                  OMS/cmsy/m/n --> OMS/lmsy/m/n on input line 24.
LaTeX Font Info:    Overwriting symbol font `largesymbols' in version `normal'
(Font)                  OMX/cmex/m/n --> OMX/lmex/m/n on input line 25.
LaTeX Font Info:    Overwriting symbol font `operators' in version `bold'
(Font)                  OT1/cmr/bx/n --> OT1/lmr/bx/n on input line 26.
LaTeX Font Info:    Overwriting symbol font `letters' in version `bold'
(Font)                  OML/cmm/b/it --> OML/lmm/b/it on input line 27.
LaTeX Font Info:    Overwriting symbol font `symbols' in version `bold'
(Font)                  OMS/cmsy/b/n --> OMS/lmsy/b/n on input line 28.
LaTeX Font Info:    Overwriting symbol font `largesymbols' in version `bold'
(Font)                  OMX/cmex/m/n --> OMX/lmex/m/n on input line 29.
LaTeX Font Info:    Overwriting math alphabet `\mathbf' in version `normal'
(Font)                  OT1/cmr/bx/n --> OT1/lmr/bx/n on input line 31.
LaTeX Font Info:    Overwriting math alphabet `\mathsf' in version `normal'
(Font)                  OT1/cmss/m/n --> OT1/lmss/m/n on input line 32.
LaTeX Font Info:    Overwriting math alphabet `\mathit' in version `normal'
(Font)                  OT1/cmr/m/it --> OT1/lmr/m/it on input line 33.
LaTeX Font Info:    Overwriting math alphabet `\mathtt' in version `normal'
(Font)                  OT1/cmtt/m/n --> OT1/lmtt/m/n on input line 34.
LaTeX Font Info:    Overwriting math alphabet `\mathbf' in version `bold'
(Font)                  OT1/cmr/bx/n --> OT1/lmr/bx/n on input line 35.
LaTeX Font Info:    Overwriting math alphabet `\mathsf' in version `bold'
(Font)                  OT1/cmss/bx/n --> OT1/lmss/bx/n on input line 36.
LaTeX Font Info:    Overwriting math alphabet `\mathit' in version `bold'
(Font)                  OT1/cmr/bx/it --> OT1/lmr/bx/it on input line 37.
LaTeX Font Info:    Overwriting math alphabet `\mathtt' in version `bold'
(Font)                  OT1/cmtt/m/n --> OT1/lmtt/m/n on input line 38.
) (/Users/lorelong/Library/TinyTeX/texmf-dist/tex/generic/iftex/ifxetex.sty
Package: ifxetex 2019/10/25 v0.7 ifxetex legacy package. Use iftex instead.
(/Users/lorelong/Library/TinyTeX/texmf-dist/tex/generic/iftex/iftex.sty
Package: iftex 2020/03/06 v1.0d TeX engine tests
)) (/Users/lorelong/Library/TinyTeX/texmf-dist/tex/generic/iftex/ifluatex.sty
Package: ifluatex 2019/10/25 v1.5 ifluatex legacy package. Use iftex instead.
) (/Users/lorelong/Library/TinyTeX/texmf-dist/tex/latex/unicode-math/unicode-math.sty (/Users/lorelong/Library/TinyTeX/texmf-dist/tex/latex/l3kernel/expl3.sty
Package: expl3 2021-10-18 L3 programming layer (loader) 
(/Users/lorelong/Library/TinyTeX/texmf-dist/tex/latex/l3backend/l3backend-luatex.def
File: l3backend-luatex.def 2021-10-18 L3 backend support: PDF output (LuaTeX)
\l__color_backend_stack_int=\count199
\l__pdf_internal_box=\box52
))
Package: unicode-math 2020/01/31 v0.8q Unicode maths in XeLaTeX and LuaLaTeX
(/Users/lorelong/Library/TinyTeX/texmf-dist/tex/latex/unicode-math/unicode-math-luatex.sty
Package: unicode-math-luatex 2020/01/31 v0.8q Unicode maths in XeLaTeX and LuaLaTeX
(/Users/lorelong/Library/TinyTeX/texmf-dist/tex/latex/l3packages/xparse/xparse.sty
Package: xparse 2021-08-27 L3 Experimental document command parser
) (/Users/lorelong/Library/TinyTeX/texmf-dist/tex/latex/l3packages/l3keys2e/l3keys2e.sty
Package: l3keys2e 2021-08-27 LaTeX2e option processing using LaTeX3 keys
) (/Users/lorelong/Library/TinyTeX/texmf-dist/tex/latex/fontspec/fontspec.sty
Package: fontspec 2020/02/21 v2.7i Font selection for XeLaTeX and LuaLaTeX
Lua module: fontspec 2020/02/21 2.7i Font selection for XeLaTeX and LuaLaTeX (/Users/lorelong/Library/TinyTeX/texmf-dist/tex/latex/fontspec/fontspec-luatex.sty
Package: fontspec-luatex 2020/02/21 v2.7i Font selection for XeLaTeX and LuaLaTeX
\l__fontspec_script_int=\count266
\l__fontspec_language_int=\count267
\l__fontspec_strnum_int=\count268
\l__fontspec_tmp_int=\count269
\l__fontspec_tmpa_int=\count270
\l__fontspec_tmpb_int=\count271
\l__fontspec_tmpc_int=\count272
\l__fontspec_em_int=\count273
\l__fontspec_emdef_int=\count274
\l__fontspec_strong_int=\count275
\l__fontspec_strongdef_int=\count276
\l__fontspec_tmpa_dim=\dimen148
\l__fontspec_tmpb_dim=\dimen149
\l__fontspec_tmpc_dim=\dimen150
(/Users/lorelong/Library/TinyTeX/texmf-dist/tex/latex/base/fontenc.sty
Package: fontenc 2021/04/29 v2.0v Standard LaTeX package
) (/Users/lorelong/Library/TinyTeX/texmf-dist/tex/latex/fontspec/fontspec.cfg))) (/Users/lorelong/Library/TinyTeX/texmf-dist/tex/latex/base/fix-cm.sty
Package: fix-cm 2020/11/24 v1.1t fixes to LaTeX
(/Users/lorelong/Library/TinyTeX/texmf-dist/tex/latex/base/ts1enc.def
File: ts1enc.def 2001/06/05 v3.0e (jk/car/fm) Standard LaTeX file
LaTeX Font Info:    Redeclaring font encoding TS1 on input line 47.
)) (/Users/lorelong/Library/TinyTeX/texmf-dist/tex/lualatex/lualatex-math/lualatex-math.sty
Package: lualatex-math 2021/07/05 v1.11 Patches for mathematics typesetting with LuaLaTeX
(/Users/lorelong/Library/TinyTeX/texmf-dist/tex/latex/etoolbox/etoolbox.sty
Package: etoolbox 2020/10/05 v2.5k e-TeX tools for LaTeX (JAW)
\etb@tempcnta=\count277
)
Lua module: lualatex-math 2013/08/03 1.3 Patches for mathematics typesetting with LuaLaTeX)
\g__um_fam_int=\count278
\g__um_fonts_used_int=\count279
\l__um_primecount_int=\count280
\g__um_primekern_muskip=\muskip17
(/Users/lorelong/Library/TinyTeX/texmf-dist/tex/latex/unicode-math/unicode-math-table.tex)))
luaotfload | cache : Lookup cache loaded from /Users/lorelong/Library/TinyTeX/texmf-var/luatex-cache/generic/names/luaotfload-lookup-cache.luc.

Package fontspec Info: Montserrat scale = 0.8209495298853415.


Package fontspec Info: Montserrat scale = 0.8209495298853415.


Package fontspec Info: Montserrat scale = 0.8209495298853415.


Package fontspec Info: Montserrat/B scale = 0.8011117886467094.


Package fontspec Info: Montserrat/B scale = 0.8011117886467094.


Package fontspec Info: Montserrat/I scale = 0.8209495298853415.


Package fontspec Info: Montserrat/I scale = 0.8209495298853415.


Package fontspec Info: Montserrat/BI scale = 0.8011117886467094.


Package fontspec Info: Montserrat/BI scale = 0.8011117886467094.


Package fontspec Info: Font family 'Montserrat(0)' created for font
(fontspec)             'Montserrat' with options
(fontspec)             [Scale=MatchLowercase,Ligatures=TeX,Scale=1].
(fontspec)              
(fontspec)              This font family consists of the following NFSS
(fontspec)             series/shapes:
(fontspec)              
(fontspec)             - 'normal' (m/n) with NFSS spec.:
(fontspec)             <->s*[1]"Montserrat:mode=node;script=latn;language=dflt;+tlig;"
(fontspec)             - 'small caps'  (m/sc) with NFSS spec.:
(fontspec)             <->s*[1]"Montserrat:mode=node;script=latn;language=dflt;+tlig;+smcp;"
(fontspec)             - 'bold' (b/n) with NFSS spec.:
(fontspec)             <->s*[1]"Montserrat/B:mode=node;script=latn;language=dflt;+tlig;"
(fontspec)             - 'bold small caps'  (b/sc) with NFSS spec.:
(fontspec)             <->s*[1]"Montserrat/B:mode=node;script=latn;language=dflt;+tlig;+smcp;"
(fontspec)             - 'italic' (m/it) with NFSS spec.:
(fontspec)             <->s*[1]"Montserrat/I:mode=node;script=latn;language=dflt;+tlig;"
(fontspec)             - 'italic small caps'  (m/scit) with NFSS spec.:
(fontspec)             <->s*[1]"Montserrat/I:mode=node;script=latn;language=dflt;+tlig;+smcp;"
(fontspec)             - 'bold italic' (b/it) with NFSS spec.:
(fontspec)             <->s*[1]"Montserrat/BI:mode=node;script=latn;language=dflt;+tlig;"
(fontspec)             - 'bold italic small caps'  (b/scit) with NFSS spec.:
(fontspec)             <->s*[1]"Montserrat/BI:mode=node;script=latn;language=dflt;+tlig;+smcp;"

LaTeX Font Info:    Font shape `TU/Montserrat(0)/m/n' will be
(Font)              scaled to size 10.0pt on input line 19.

Package fontspec Info: Montserrat scale = 0.9999970935724355.


Package fontspec Info: Montserrat scale = 0.9999970935724355.


Package fontspec Info: Montserrat scale = 0.9999970935724355.


Package fontspec Info: Montserrat/B scale = 0.9758327779117093.


Package fontspec Info: Montserrat/B scale = 0.9758327779117093.


Package fontspec Info: Montserrat/I scale = 0.9999970935724355.


Package fontspec Info: Montserrat/I scale = 0.9999970935724355.


Package fontspec Info: Montserrat/BI scale = 0.9758327779117093.


Package fontspec Info: Montserrat/BI scale = 0.9758327779117093.


Package fontspec Info: Font family 'Montserrat(1)' created for font
(fontspec)             'Montserrat' with options
(fontspec)             [Scale=MatchLowercase,Renderer=Basic].
(fontspec)              
(fontspec)              This font family consists of the following NFSS
(fontspec)             series/shapes:
(fontspec)              
(fontspec)             - 'normal' (m/n) with NFSS spec.:
(fontspec)             <->s*[0.9999970935724355]"Montserrat:mode=base;script=latn;language=dflt;"
(fontspec)             - 'small caps'  (m/sc) with NFSS spec.:
(fontspec)             <->s*[0.9999970935724355]"Montserrat:mode=base;script=latn;language=dflt;+smcp;"
(fontspec)             - 'bold' (b/n) with NFSS spec.:
(fontspec)             <->s*[0.9758327779117093]"Montserrat/B:mode=base;script=latn;language=dflt;"
(fontspec)             - 'bold small caps'  (b/sc) with NFSS spec.:
(fontspec)             <->s*[0.9758327779117093]"Montserrat/B:mode=base;script=latn;language=dflt;+smcp;"
(fontspec)             - 'italic' (m/it) with NFSS spec.:
(fontspec)             <->s*[0.9999970935724355]"Montserrat/I:mode=base;script=latn;language=dflt;"
(fontspec)             - 'italic small caps'  (m/scit) with NFSS spec.:
(fontspec)             <->s*[0.9999970935724355]"Montserrat/I:mode=base;script=latn;language=dflt;+smcp;"
(fontspec)             - 'bold italic' (b/it) with NFSS spec.:
(fontspec)             <->s*[0.9758327779117093]"Montserrat/BI:mode=base;script=latn;language=dflt;"
(fontspec)             - 'bold italic small caps'  (b/scit) with NFSS spec.:
(fontspec)             <->s*[0.9758327779117093]"Montserrat/BI:mode=base;script=latn;language=dflt;+smcp;"

LaTeX Font Info:    Overwriting math alphabet `\mathrm' in version `normal'
(Font)                  OT1/lmr/m/n --> TU/Montserrat(1)/m/n on input line 19.
LaTeX Font Info:    Overwriting math alphabet `\mathit' in version `normal'
(Font)                  OT1/lmr/m/it --> TU/Montserrat(1)/m/it on input line 19.
LaTeX Font Info:    Overwriting math alphabet `\mathbf' in version `normal'
(Font)                  OT1/lmr/bx/n --> TU/Montserrat(1)/b/n on input line 19.
(/Users/lorelong/Library/TinyTeX/texmf-dist/tex/latex/xcolor/xcolor.sty
Package: xcolor 2021/10/31 v2.13 LaTeX color extensions (UK)
(/Users/lorelong/Library/TinyTeX/texmf-dist/tex/latex/graphics-cfg/color.cfg
File: color.cfg 2016/01/02 v1.6 sample color configuration
)
Package xcolor Info: Driver file: luatex.def on input line 227.
(/Users/lorelong/Library/TinyTeX/texmf-dist/tex/latex/graphics-def/luatex.def
File: luatex.def 2021/06/01 v1.2c Graphics/color driver for luatex
)
Package xcolor Info: Model `cmy' substituted by `cmy0' on input line 1352.
Package xcolor Info: Model `hsb' substituted by `rgb' on input line 1356.
Package xcolor Info: Model `RGB' extended on input line 1368.
Package xcolor Info: Model `HTML' substituted by `rgb' on input line 1370.
Package xcolor Info: Model `Hsb' substituted by `hsb' on input line 1371.
Package xcolor Info: Model `tHsb' substituted by `hsb' on input line 1372.
Package xcolor Info: Model `HSB' substituted by `hsb' on input line 1373.
Package xcolor Info: Model `Gray' substituted by `gray' on input line 1374.
Package xcolor Info: Model `wave' substituted by `hsb' on input line 1375.
) (/Users/lorelong/Library/TinyTeX/texmf-dist/tex/latex/hyperref/hyperref.sty
Package: hyperref 2021-06-07 v7.00m Hypertext links for LaTeX
(/Users/lorelong/Library/TinyTeX/texmf-dist/tex/generic/ltxcmds/ltxcmds.sty
Package: ltxcmds 2020-05-10 v1.25 LaTeX kernel commands for general use (HO)
) (/Users/lorelong/Library/TinyTeX/texmf-dist/tex/generic/pdftexcmds/pdftexcmds.sty
Package: pdftexcmds 2020-06-27 v0.33 Utility functions of pdfTeX for LuaTeX (HO)
(/Users/lorelong/Library/TinyTeX/texmf-dist/tex/generic/infwarerr/infwarerr.sty
Package: infwarerr 2019/12/03 v1.5 Providing info/warning/error messages (HO)
)
Package pdftexcmds Info: \pdf@primitive is available.
Package pdftexcmds Info: \pdf@ifprimitive is available.
Package pdftexcmds Info: \pdfdraftmode found.
\pdftexcmds@toks=\toks21
) (/Users/lorelong/Library/TinyTeX/texmf-dist/tex/latex/graphics/keyval.sty
Package: keyval 2014/10/28 v1.15 key=value parser (DPC)
\KV@toks@=\toks22
) (/Users/lorelong/Library/TinyTeX/texmf-dist/tex/generic/kvsetkeys/kvsetkeys.sty
Package: kvsetkeys 2019/12/15 v1.18 Key value parser (HO)
) (/Users/lorelong/Library/TinyTeX/texmf-dist/tex/generic/kvdefinekeys/kvdefinekeys.sty
Package: kvdefinekeys 2019-12-19 v1.6 Define keys (HO)
) (/Users/lorelong/Library/TinyTeX/texmf-dist/tex/generic/pdfescape/pdfescape.sty
Package: pdfescape 2019/12/09 v1.15 Implements pdfTeX's escape features (HO)
) (/Users/lorelong/Library/TinyTeX/texmf-dist/tex/latex/hycolor/hycolor.sty
Package: hycolor 2020-01-27 v1.10 Color options for hyperref/bookmark (HO)
) (/Users/lorelong/Library/TinyTeX/texmf-dist/tex/latex/letltxmacro/letltxmacro.sty
Package: letltxmacro 2019/12/03 v1.6 Let assignment for LaTeX macros (HO)
) (/Users/lorelong/Library/TinyTeX/texmf-dist/tex/latex/auxhook/auxhook.sty
Package: auxhook 2019-12-17 v1.6 Hooks for auxiliary files (HO)
) (/Users/lorelong/Library/TinyTeX/texmf-dist/tex/latex/kvoptions/kvoptions.sty
Package: kvoptions 2020-10-07 v3.14 Key value format for package options (HO)
)
\@linkdim=\dimen151
\Hy@linkcounter=\count281
\Hy@pagecounter=\count282
(/Users/lorelong/Library/TinyTeX/texmf-dist/tex/latex/hyperref/pd1enc.def
File: pd1enc.def 2021-06-07 v7.00m Hyperref: PDFDocEncoding definition (HO)
) (/Users/lorelong/Library/TinyTeX/texmf-dist/tex/latex/hyperref/hyperref-langpatches.def
File: hyperref-langpatches.def 2021-06-07 v7.00m Hyperref: patches for babel languages
) (/Users/lorelong/Library/TinyTeX/texmf-dist/tex/generic/intcalc/intcalc.sty
Package: intcalc 2019/12/15 v1.3 Expandable calculations with integers (HO)
) (/Users/lorelong/Library/TinyTeX/texmf-dist/tex/generic/etexcmds/etexcmds.sty
Package: etexcmds 2019/12/15 v1.7 Avoid name clashes with e-TeX commands (HO)
)
\Hy@SavedSpaceFactor=\count283
(/Users/lorelong/Library/TinyTeX/texmf-dist/tex/latex/hyperref/puenc.def
File: puenc.def 2021-06-07 v7.00m Hyperref: PDF Unicode definition (HO)
)
Package hyperref Info: Option `unicode' set `true' on input line 4073.
Package hyperref Info: Hyper figures OFF on input line 4192.
Package hyperref Info: Link nesting OFF on input line 4197.
Package hyperref Info: Hyper index ON on input line 4200.
Package hyperref Info: Plain pages OFF on input line 4207.
Package hyperref Info: Backreferencing OFF on input line 4212.
Package hyperref Info: Implicit mode ON; LaTeX internals redefined.
Package hyperref Info: Bookmarks ON on input line 4445.
\c@Hy@tempcnt=\count284
(/Users/lorelong/Library/TinyTeX/texmf-dist/tex/latex/url/url.sty
\Urlmuskip=\muskip18
Package: url 2013/09/16  ver 3.4  Verb mode for urls, etc.
)
LaTeX Info: Redefining \url on input line 4804.
\XeTeXLinkMargin=\dimen152
(/Users/lorelong/Library/TinyTeX/texmf-dist/tex/generic/bitset/bitset.sty
Package: bitset 2019/12/09 v1.3 Handle bit-vector datatype (HO)
(/Users/lorelong/Library/TinyTeX/texmf-dist/tex/generic/bigintcalc/bigintcalc.sty
Package: bigintcalc 2019/12/15 v1.5 Expandable calculations on big integers (HO)
))
\Fld@menulength=\count285
\Field@Width=\dimen153
\Fld@charsize=\dimen154
Package hyperref Info: Hyper figures OFF on input line 6076.
Package hyperref Info: Link nesting OFF on input line 6081.
Package hyperref Info: Hyper index ON on input line 6084.
Package hyperref Info: backreferencing OFF on input line 6091.
Package hyperref Info: Link coloring OFF on input line 6096.
Package hyperref Info: Link coloring with OCG OFF on input line 6101.
Package hyperref Info: PDF/A mode OFF on input line 6106.
LaTeX Info: Redefining \ref on input line 6146.
LaTeX Info: Redefining \pageref on input line 6150.
(/Users/lorelong/Library/TinyTeX/texmf-dist/tex/latex/base/atbegshi-ltx.sty
Package: atbegshi-ltx 2021/01/10 v1.0c Emulation of the original atbegshi
package with kernel methods
)
\Hy@abspage=\count286
\c@Item=\count287
\c@Hfootnote=\count288
)
Package hyperref Info: Driver (autodetected): hluatex.
(/Users/lorelong/Library/TinyTeX/texmf-dist/tex/latex/hyperref/hluatex.def
File: hluatex.def 2021-06-07 v7.00m Hyperref driver for luaTeX
(/Users/lorelong/Library/TinyTeX/texmf-dist/tex/generic/stringenc/stringenc.sty
Package: stringenc 2019/11/29 v1.12 Convert strings between diff. encodings (HO)
) (/Users/lorelong/Library/TinyTeX/texmf-dist/tex/latex/base/atveryend-ltx.sty
Package: atveryend-ltx 2020/08/19 v1.0a Emulation of the original atvery package
with kernel methods
)
\Fld@listcount=\count289
\c@bookmark@seq@number=\count290
(/Users/lorelong/Library/TinyTeX/texmf-dist/tex/latex/rerunfilecheck/rerunfilecheck.sty
Package: rerunfilecheck 2019/12/05 v1.9 Rerun checks for auxiliary files (HO)
(/Users/lorelong/Library/TinyTeX/texmf-dist/tex/generic/uniquecounter/uniquecounter.sty
Package: uniquecounter 2019/12/15 v1.4 Provide unlimited unique counter (HO)
)
Package uniquecounter Info: New unique counter `rerunfilecheck' on input line 286.
)
\Hy@SectionHShift=\skip52
) (/Users/lorelong/Library/TinyTeX/texmf-dist/tex/latex/geometry/geometry.sty
Package: geometry 2020/01/02 v5.9 Page Geometry
(/Users/lorelong/Library/TinyTeX/texmf-dist/tex/generic/iftex/ifvtex.sty
Package: ifvtex 2019/10/25 v1.7 ifvtex legacy package. Use iftex instead.
)
\Gm@cnth=\count291
\Gm@cntv=\count292
\c@Gm@tempcnt=\count293
\Gm@bindingoffset=\dimen155
\Gm@wd@mp=\dimen156
\Gm@odd@mp=\dimen157
\Gm@even@mp=\dimen158
\Gm@layoutwidth=\dimen159
\Gm@layoutheight=\dimen160
\Gm@layouthoffset=\dimen161
\Gm@layoutvoffset=\dimen162
\Gm@dimlist=\toks23
) (/Users/lorelong/Library/TinyTeX/texmf-dist/tex/latex/tools/longtable.sty
Package: longtable 2021-05-07 v4.16 Multi-page Table package (DPC)
\LTleft=\skip53
\LTright=\skip54
\LTpre=\skip55
\LTpost=\skip56
\LTchunksize=\count294
\LTcapwidth=\dimen163
\LT@head=\box53
\LT@firsthead=\box54
\LT@foot=\box55
\LT@lastfoot=\box56
\LT@gbox=\box57
\LT@cols=\count295
\LT@rows=\count296
\c@LT@tables=\count297
\c@LT@chunks=\count298
\LT@p@ftn=\toks24
) (/Users/lorelong/Library/TinyTeX/texmf-dist/tex/latex/booktabs/booktabs.sty
Package: booktabs 2020/01/12 v1.61803398 Publication quality tables
\heavyrulewidth=\dimen164
\lightrulewidth=\dimen165
\cmidrulewidth=\dimen166
\belowrulesep=\dimen167
\belowbottomsep=\dimen168
\aboverulesep=\dimen169
\abovetopsep=\dimen170
\cmidrulesep=\dimen171
\cmidrulekern=\dimen172
\defaultaddspace=\dimen173
\@cmidla=\count299
\@cmidlb=\count300
\@aboverulesep=\dimen174
\@belowrulesep=\dimen175
\@thisruleclass=\count301
\@lastruleclass=\count302
\@thisrulewidth=\dimen176
) (/Users/lorelong/Library/TinyTeX/texmf-dist/tex/latex/tools/array.sty
Package: array 2021/04/20 v2.5e Tabular extension package (FMi)
\col@sep=\dimen177
\ar@mcellbox=\box58
\extrarowheight=\dimen178
\NC@list=\toks25
\extratabsurround=\skip57
\backup@length=\skip58
\ar@cellbox=\box59
) (/Users/lorelong/Library/TinyTeX/texmf-dist/tex/latex/tools/calc.sty
Package: calc 2017/05/25 v4.3 Infix arithmetic (KKT,FJ)
\calc@Acount=\count303
\calc@Bcount=\count304
\calc@Adimen=\dimen179
\calc@Bdimen=\dimen180
\calc@Askip=\skip59
\calc@Bskip=\skip60
LaTeX Info: Redefining \setlength on input line 80.
LaTeX Info: Redefining \addtolength on input line 81.
\calc@Ccount=\count305
\calc@Cskip=\skip61
) (/Users/lorelong/Library/TinyTeX/texmf-dist/tex/latex/mdwtools/footnote.sty
Package: footnote 1997/01/28 1.13 Save footnotes around boxes
\fn@notes=\box60
\fn@width=\dimen181
) (/Users/lorelong/Library/TinyTeX/texmf-dist/tex/latex/graphics/graphicx.sty
Package: graphicx 2020/12/05 v1.2c Enhanced LaTeX Graphics (DPC,SPQR)
(/Users/lorelong/Library/TinyTeX/texmf-dist/tex/latex/graphics/graphics.sty
Package: graphics 2021/03/04 v1.4d Standard LaTeX Graphics (DPC,SPQR)
(/Users/lorelong/Library/TinyTeX/texmf-dist/tex/latex/graphics/trig.sty
Package: trig 2016/01/03 v1.10 sin cos tan (DPC)
) (/Users/lorelong/Library/TinyTeX/texmf-dist/tex/latex/graphics-cfg/graphics.cfg
File: graphics.cfg 2016/06/04 v1.11 sample graphics configuration
)
Package graphics Info: Driver file: luatex.def on input line 107.
)
\Gin@req@height=\dimen182
\Gin@req@width=\dimen183
) (/Users/lorelong/Library/TinyTeX/texmf-dist/tex/latex/float/float.sty
Package: float 2001/11/08 v1.3d Float enhancements (AL)
\c@float@type=\count306
\float@exts=\toks26
\float@box=\box61
\@float@everytoks=\toks27
\@floatcapt=\box62
) (/Users/lorelong/Library/TinyTeX/texmf-dist/tex/latex/leading/leading.sty
Package: leading 2008/12/11 v0.3 Define leading length
) (/Users/lorelong/Library/TinyTeX/texmf-dist/tex/latex/caption/caption.sty
Package: caption 2020/10/26 v3.5g Customizing captions (AR)
(/Users/lorelong/Library/TinyTeX/texmf-dist/tex/latex/caption/caption3.sty
Package: caption3 2020/10/21 v2.2e caption3 kernel (AR)
\captionmargin=\dimen184
\captionmargin@=\dimen185
\captionwidth=\dimen186
\caption@tempdima=\dimen187
\caption@indent=\dimen188
\caption@parindent=\dimen189
\caption@hangindent=\dimen190
Package caption Info: Standard document class detected.
)
\c@caption@flags=\count307
\c@continuedfloat=\count308
Package caption Info: float package is loaded.
Package caption Info: hyperref package is loaded.
Package caption Info: longtable package is loaded.
(/Users/lorelong/Library/TinyTeX/texmf-dist/tex/latex/caption/ltcaption.sty
Package: ltcaption 2020/05/30 v1.4b longtable captions (AR)
)) (/Users/lorelong/Library/TinyTeX/texmf-dist/tex/latex/chngcntr/chngcntr.sty
Package: chngcntr 2018/04/09 v1.1a change counter resetting
) (/Users/lorelong/Library/TinyTeX/texmf-dist/tex/lualatex/selnolig/selnolig.sty
=== Package selnolig, Version 0.302, Date 2015/10/26 ===
Package: selnolig 2015/10/26
(/Users/lorelong/Library/TinyTeX/texmf-dist/tex/luatex/luatexbase/luatexbase.sty
Package: luatexbase 2015/10/04 v1.3 luatexbase interface to LuaTeX 
(/Users/lorelong/Library/TinyTeX/texmf-dist/tex/luatex/ctablestack/ctablestack.sty
Package: ctablestack 2015/10/01 v1.0 Catcode table stable support
\@catcodetablestackcnt=\count309
)
\CatcodeTableOther=\catcodetable12
\CatcodeTableExpl=\catcodetable13
)
Inserting `Suppress ligatures selectively' at position 1 in `ligaturing'.)
No file data_report.aux.

\openout1 = data_report.aux
LaTeX Font Info:    Checking defaults for OML/cmm/m/it on input line 92.
LaTeX Font Info:    ... okay on input line 92.
LaTeX Font Info:    Checking defaults for OMS/cmsy/m/n on input line 92.
LaTeX Font Info:    ... okay on input line 92.
LaTeX Font Info:    Checking defaults for OT1/cmr/m/n on input line 92.
LaTeX Font Info:    ... okay on input line 92.
LaTeX Font Info:    Checking defaults for T1/cmr/m/n on input line 92.
LaTeX Font Info:    ... okay on input line 92.
LaTeX Font Info:    Checking defaults for TS1/cmr/m/n on input line 92.
LaTeX Font Info:    ... okay on input line 92.
LaTeX Font Info:    Checking defaults for TU/lmr/m/n on input line 92.
LaTeX Font Info:    ... okay on input line 92.
LaTeX Font Info:    Checking defaults for OMX/cmex/m/n on input line 92.
LaTeX Font Info:    ... okay on input line 92.
LaTeX Font Info:    Checking defaults for U/cmr/m/n on input line 92.
LaTeX Font Info:    ... okay on input line 92.
LaTeX Font Info:    Checking defaults for PD1/pdf/m/n on input line 92.
LaTeX Font Info:    ... okay on input line 92.
LaTeX Font Info:    Checking defaults for PU/pdf/m/n on input line 92.
LaTeX Font Info:    ... okay on input line 92.
LaTeX Font Info:    Overwriting math alphabet `\mathsf' in version `normal'
(Font)                  OT1/lmss/m/n --> TU/lmss/m/n on input line 92.
LaTeX Font Info:    Overwriting math alphabet `\mathsf' in version `bold'
(Font)                  OT1/lmss/bx/n --> TU/lmss/b/n on input line 92.
LaTeX Font Info:    Overwriting math alphabet `\mathtt' in version `normal'
(Font)                  OT1/lmtt/m/n --> TU/lmtt/m/n on input line 92.
LaTeX Font Info:    Overwriting math alphabet `\mathtt' in version `bold'
(Font)                  OT1/lmtt/m/n --> TU/lmtt/b/n on input line 92.

Package fontspec Info: latinmodern-math scale = 1.21809382534226.


Package fontspec Info: latinmodern-math scale = 1.21809382534226.


Package fontspec Info: latinmodern-math scale = 1.21809382534226.


Package fontspec Info: Font family 'latinmodern-math.otf(0)' created for font
(fontspec)             'latinmodern-math.otf' with options
(fontspec)             [Scale=MatchLowercase,Renderer=Basic,BoldItalicFont={},ItalicFont={},SmallCapsFont={},Script=Math,FontAdjustment={\__um_luatex_copy_fontdimens:
(fontspec)             },BoldFont={latinmodern-math.otf}].
(fontspec)              
(fontspec)              This font family consists of the following NFSS
(fontspec)             series/shapes:
(fontspec)              
(fontspec)             - 'normal' (m/n) with NFSS spec.:
(fontspec)             <->s*[1.21809382534226]"[latinmodern-math.otf]:mode=base;script=math;language=dflt;"
(fontspec)             - 'small caps'  (m/sc) with NFSS spec.: 
(fontspec)             and font adjustment code:
(fontspec)             \__um_luatex_copy_fontdimens: 
(fontspec)             - 'bold' (b/n) with NFSS spec.:
(fontspec)             <->s*[1.21809382534226]"[latinmodern-math.otf]:mode=base;script=math;language=dflt;"
(fontspec)             - 'bold small caps'  (b/sc) with NFSS spec.: 
(fontspec)             and font adjustment code:
(fontspec)             \__um_luatex_copy_fontdimens: 

LaTeX Font Info:    Font shape `TU/latinmodern-math.otf(0)/m/n' will be
(Font)              scaled to size 12.18094pt on input line 92.

Package fontspec Info: latinmodern-math scale = 1.21809382534226.


Package fontspec Info: latinmodern-math scale = 1.21809382534226.


Package fontspec Info: latinmodern-math scale = 1.21809382534226.


Package fontspec Info: latinmodern-math scale = 1.21809382534226.


Package fontspec Info: latinmodern-math scale = 1.21809382534226.


Package fontspec Info: Font family 'latinmodern-math.otf(1)' created for font
(fontspec)             'latinmodern-math.otf' with options
(fontspec)             [Scale=MatchLowercase,Renderer=Basic,BoldItalicFont={},ItalicFont={},SmallCapsFont={},Script=Math,SizeFeatures={{Size=8.5-},{Size=6-8.5,Font=latinmodern-math.otf,Style=MathScript},{Size=-6,Font=latinmodern-math.otf,Style=MathScriptScript}},FontAdjustment={\__um_luatex_copy_fontdimens:
(fontspec)             },BoldFont={latinmodern-math.otf}].
(fontspec)              
(fontspec)              This font family consists of the following NFSS
(fontspec)             series/shapes:
(fontspec)              
(fontspec)             - 'normal' (m/n) with NFSS spec.:
(fontspec)             <8.5->s*[1.21809382534226]"[latinmodern-math.otf]:mode=base;script=math;language=dflt;"<6-8.5>s*[1.21809382534226]"[latinmodern-math.otf]:mode=base;script=math;language=dflt;+ssty=0;"<-6>s*[1.21809382534226]"[latinmodern-math.otf]:mode=base;script=math;language=dflt;+ssty=1;"
(fontspec)             - 'small caps'  (m/sc) with NFSS spec.: 
(fontspec)             and font adjustment code:
(fontspec)             \__um_luatex_copy_fontdimens: 
(fontspec)             - 'bold' (b/n) with NFSS spec.:
(fontspec)             <->s*[1.21809382534226]"[latinmodern-math.otf]:mode=base;script=math;language=dflt;"
(fontspec)             - 'bold small caps'  (b/sc) with NFSS spec.: 
(fontspec)             and font adjustment code:
(fontspec)             \__um_luatex_copy_fontdimens: 

LaTeX Font Info:    Font shape `TU/latinmodern-math.otf(1)/m/n' will be
(Font)              scaled to size 12.18094pt on input line 92.
LaTeX Font Info:    Encoding `OT1' has changed to `TU' for symbol font
(Font)              `operators' in the math version `normal' on input line 92.
LaTeX Font Info:    Overwriting symbol font `operators' in version `normal'
(Font)                  OT1/lmr/m/n --> TU/latinmodern-math.otf(1)/m/n on input line 92.
LaTeX Font Info:    Encoding `OT1' has changed to `TU' for symbol font
(Font)              `operators' in the math version `bold' on input line 92.
LaTeX Font Info:    Overwriting symbol font `operators' in version `bold'
(Font)                  OT1/lmr/bx/n --> TU/latinmodern-math.otf(1)/b/n on input line 92.

Package fontspec Info: latinmodern-math scale = 1.21809382534226.


Package fontspec Info: latinmodern-math scale = 1.218215634724794.


Package fontspec Info: latinmodern-math scale = 1.21809382534226.


Package fontspec Info: latinmodern-math scale = 1.218215634724794.


Package fontspec Info: latinmodern-math scale = 1.21809382534226.


Package fontspec Info: latinmodern-math scale = 1.218215634724794.


Package fontspec Info: latinmodern-math scale = 1.21809382534226.


Package fontspec Info: latinmodern-math scale = 1.218215634724794.


Package fontspec Info: latinmodern-math scale = 1.21809382534226.


Package fontspec Info: latinmodern-math scale = 1.218215634724794.


Package fontspec Info: Font family 'latinmodern-math.otf(2)' created for font
(fontspec)             'latinmodern-math.otf' with options
(fontspec)             [Scale=MatchLowercase,Renderer=Basic,BoldItalicFont={},ItalicFont={},SmallCapsFont={},Script=Math,SizeFeatures={{Size=8.5-},{Size=6-8.5,Font=latinmodern-math.otf,Style=MathScript},{Size=-6,Font=latinmodern-math.otf,Style=MathScriptScript}},FontAdjustment={\__um_luatex_copy_fontdimens:
(fontspec)             },BoldFont={latinmodern-math.otf},ScaleAgain=1.0001,FontAdjustment={\fontdimen
(fontspec)             8\font =8.24649pt\relax \fontdimen 9\font
(fontspec)             =4.79929pt\relax \fontdimen 10\font =5.40833pt\relax
(fontspec)             \fontdimen 11\font =8.35611pt\relax \fontdimen 12\font
(fontspec)             =4.20242pt\relax \fontdimen 13\font =4.42168pt\relax
(fontspec)             \fontdimen 14\font =4.42168pt\relax \fontdimen 15\font
(fontspec)             =3.52028pt\relax \fontdimen 16\font =3.00868pt\relax
(fontspec)             \fontdimen 17\font =3.00868pt\relax \fontdimen 18\font
(fontspec)             =3.04523pt\relax \fontdimen 19\font =2.43619pt\relax
(fontspec)             \fontdimen 22\font =3.04523pt\relax \fontdimen 20\font
(fontspec)             =0pt\relax \fontdimen 21\font =0pt\relax }].
(fontspec)              
(fontspec)              This font family consists of the following NFSS
(fontspec)             series/shapes:
(fontspec)              
(fontspec)             - 'normal' (m/n) with NFSS spec.:
(fontspec)             <8.5->s*[1.218215634724794]"[latinmodern-math.otf]:mode=base;script=math;language=dflt;"<6-8.5>s*[1.218215634724794]"[latinmodern-math.otf]:mode=base;script=math;language=dflt;+ssty=0;"<-6>s*[1.218215634724794]"[latinmodern-math.otf]:mode=base;script=math;language=dflt;+ssty=1;"
(fontspec)             - 'small caps'  (m/sc) with NFSS spec.: 
(fontspec)             and font adjustment code:
(fontspec)             \__um_luatex_copy_fontdimens: \fontdimen 8\font
(fontspec)             =8.24649pt\relax \fontdimen 9\font =4.79929pt\relax
(fontspec)             \fontdimen 10\font =5.40833pt\relax \fontdimen 11\font
(fontspec)             =8.35611pt\relax \fontdimen 12\font =4.20242pt\relax
(fontspec)             \fontdimen 13\font =4.42168pt\relax \fontdimen 14\font
(fontspec)             =4.42168pt\relax \fontdimen 15\font =3.52028pt\relax
(fontspec)             \fontdimen 16\font =3.00868pt\relax \fontdimen 17\font
(fontspec)             =3.00868pt\relax \fontdimen 18\font =3.04523pt\relax
(fontspec)             \fontdimen 19\font =2.43619pt\relax \fontdimen 22\font
(fontspec)             =3.04523pt\relax \fontdimen 20\font =0pt\relax
(fontspec)             \fontdimen 21\font =0pt\relax 
(fontspec)             - 'bold' (b/n) with NFSS spec.:
(fontspec)             <->s*[1.218215634724794]"[latinmodern-math.otf]:mode=base;script=math;language=dflt;"
(fontspec)             - 'bold small caps'  (b/sc) with NFSS spec.: 
(fontspec)             and font adjustment code:
(fontspec)             \__um_luatex_copy_fontdimens: \fontdimen 8\font
(fontspec)             =8.24649pt\relax \fontdimen 9\font =4.79929pt\relax
(fontspec)             \fontdimen 10\font =5.40833pt\relax \fontdimen 11\font
(fontspec)             =8.35611pt\relax \fontdimen 12\font =4.20242pt\relax
(fontspec)             \fontdimen 13\font =4.42168pt\relax \fontdimen 14\font
(fontspec)             =4.42168pt\relax \fontdimen 15\font =3.52028pt\relax
(fontspec)             \fontdimen 16\font =3.00868pt\relax \fontdimen 17\font
(fontspec)             =3.00868pt\relax \fontdimen 18\font =3.04523pt\relax
(fontspec)             \fontdimen 19\font =2.43619pt\relax \fontdimen 22\font
(fontspec)             =3.04523pt\relax \fontdimen 20\font =0pt\relax
(fontspec)             \fontdimen 21\font =0pt\relax 

LaTeX Font Info:    Encoding `OMS' has changed to `TU' for symbol font
(Font)              `symbols' in the math version `normal' on input line 92.
LaTeX Font Info:    Overwriting symbol font `symbols' in version `normal'
(Font)                  OMS/lmsy/m/n --> TU/latinmodern-math.otf(2)/m/n on input line 92.
LaTeX Font Info:    Encoding `OMS' has changed to `TU' for symbol font
(Font)              `symbols' in the math version `bold' on input line 92.
LaTeX Font Info:    Overwriting symbol font `symbols' in version `bold'
(Font)                  OMS/lmsy/b/n --> TU/latinmodern-math.otf(2)/b/n on input line 92.

Package fontspec Info: latinmodern-math scale = 1.21809382534226.


Package fontspec Info: latinmodern-math scale = 1.217972015959726.


Package fontspec Info: latinmodern-math scale = 1.21809382534226.


Package fontspec Info: latinmodern-math scale = 1.217972015959726.


Package fontspec Info: latinmodern-math scale = 1.21809382534226.


Package fontspec Info: latinmodern-math scale = 1.217972015959726.


Package fontspec Info: latinmodern-math scale = 1.21809382534226.


Package fontspec Info: latinmodern-math scale = 1.217972015959726.


Package fontspec Info: latinmodern-math scale = 1.21809382534226.


Package fontspec Info: latinmodern-math scale = 1.217972015959726.


Package fontspec Info: Font family 'latinmodern-math.otf(3)' created for font
(fontspec)             'latinmodern-math.otf' with options
(fontspec)             [Scale=MatchLowercase,Renderer=Basic,BoldItalicFont={},ItalicFont={},SmallCapsFont={},Script=Math,SizeFeatures={{Size=8.5-},{Size=6-8.5,Font=latinmodern-math.otf,Style=MathScript},{Size=-6,Font=latinmodern-math.otf,Style=MathScriptScript}},FontAdjustment={\__um_luatex_copy_fontdimens:
(fontspec)             },BoldFont={latinmodern-math.otf},ScaleAgain=0.9999,FontAdjustment={\fontdimen
(fontspec)             8\font =0.48723pt\relax \fontdimen 9\font
(fontspec)             =2.43619pt\relax \fontdimen 10\font =2.03421pt\relax
(fontspec)             \fontdimen 11\font =1.35208pt\relax \fontdimen 12\font
(fontspec)             =7.30856pt\relax \fontdimen 13\font =0pt\relax }].
(fontspec)              
(fontspec)              This font family consists of the following NFSS
(fontspec)             series/shapes:
(fontspec)              
(fontspec)             - 'normal' (m/n) with NFSS spec.:
(fontspec)             <8.5->s*[1.217972015959726]"[latinmodern-math.otf]:mode=base;script=math;language=dflt;"<6-8.5>s*[1.217972015959726]"[latinmodern-math.otf]:mode=base;script=math;language=dflt;+ssty=0;"<-6>s*[1.217972015959726]"[latinmodern-math.otf]:mode=base;script=math;language=dflt;+ssty=1;"
(fontspec)             - 'small caps'  (m/sc) with NFSS spec.: 
(fontspec)             and font adjustment code:
(fontspec)             \__um_luatex_copy_fontdimens: \fontdimen 8\font
(fontspec)             =0.48723pt\relax \fontdimen 9\font =2.43619pt\relax
(fontspec)             \fontdimen 10\font =2.03421pt\relax \fontdimen 11\font
(fontspec)             =1.35208pt\relax \fontdimen 12\font =7.30856pt\relax
(fontspec)             \fontdimen 13\font =0pt\relax 
(fontspec)             - 'bold' (b/n) with NFSS spec.:
(fontspec)             <->s*[1.217972015959726]"[latinmodern-math.otf]:mode=base;script=math;language=dflt;"
(fontspec)             - 'bold small caps'  (b/sc) with NFSS spec.: 
(fontspec)             and font adjustment code:
(fontspec)             \__um_luatex_copy_fontdimens: \fontdimen 8\font
(fontspec)             =0.48723pt\relax \fontdimen 9\font =2.43619pt\relax
(fontspec)             \fontdimen 10\font =2.03421pt\relax \fontdimen 11\font
(fontspec)             =1.35208pt\relax \fontdimen 12\font =7.30856pt\relax
(fontspec)             \fontdimen 13\font =0pt\relax 

LaTeX Font Info:    Encoding `OMX' has changed to `TU' for symbol font
(Font)              `largesymbols' in the math version `normal' on input line 92.
LaTeX Font Info:    Overwriting symbol font `largesymbols' in version `normal'
(Font)                  OMX/lmex/m/n --> TU/latinmodern-math.otf(3)/m/n on input line 92.
LaTeX Font Info:    Encoding `OMX' has changed to `TU' for symbol font
(Font)              `largesymbols' in the math version `bold' on input line 92.
LaTeX Font Info:    Overwriting symbol font `largesymbols' in version `bold'
(Font)                  OMX/lmex/m/n --> TU/latinmodern-math.otf(3)/b/n on input line 92.
LaTeX Font Info:    Font shape `TU/latinmodern-math.otf(1)/m/n' will be
(Font)              scaled to size 8.52666pt on input line 92.
LaTeX Font Info:    Font shape `TU/latinmodern-math.otf(1)/m/n' will be
(Font)              scaled to size 6.09047pt on input line 92.
LaTeX Font Info:    Trying to load font information for OML+lmm on input line 92.
(/Users/lorelong/Library/TinyTeX/texmf-dist/tex/latex/lm/omllmm.fd
File: omllmm.fd 2015/05/01 v1.6.1 Font defs for Latin Modern
)
LaTeX Font Info:    Font shape `TU/latinmodern-math.otf(2)/m/n' will be
(Font)              scaled to size 12.18216pt on input line 92.
LaTeX Font Info:    Font shape `TU/latinmodern-math.otf(2)/m/n' will be
(Font)              scaled to size 8.52751pt on input line 92.
LaTeX Font Info:    Font shape `TU/latinmodern-math.otf(2)/m/n' will be
(Font)              scaled to size 6.09108pt on input line 92.
LaTeX Font Info:    Font shape `TU/latinmodern-math.otf(3)/m/n' will be
(Font)              scaled to size 12.17972pt on input line 92.
LaTeX Font Info:    Font shape `TU/latinmodern-math.otf(3)/m/n' will be
(Font)              scaled to size 8.5258pt on input line 92.
LaTeX Font Info:    Font shape `TU/latinmodern-math.otf(3)/m/n' will be
(Font)              scaled to size 6.08986pt on input line 92.
LaTeX Font Info:    Trying to load font information for U+msa on input line 92.
(/Users/lorelong/Library/TinyTeX/texmf-dist/tex/latex/amsfonts/umsa.fd
File: umsa.fd 2013/01/14 v3.01 AMS symbols A
)
LaTeX Font Info:    Trying to load font information for U+msb on input line 92.
(/Users/lorelong/Library/TinyTeX/texmf-dist/tex/latex/amsfonts/umsb.fd
File: umsb.fd 2013/01/14 v3.01 AMS symbols B
) (/Users/lorelong/Library/TinyTeX/texmf-dist/tex/latex/epstopdf-pkg/epstopdf-base.sty
Package: epstopdf-base 2020-01-24 v2.11 Base part for package epstopdf
Package epstopdf-base Info: Redefining graphics rule for `.eps' on input line 485.
(/Users/lorelong/Library/TinyTeX/texmf-dist/tex/latex/latexconfig/epstopdf-sys.cfg
File: epstopdf-sys.cfg 2010/07/13 v1.3 Configuration of (r)epstopdf for TeX Live
))
Package hyperref Info: Link coloring OFF on input line 92.
(/Users/lorelong/Library/TinyTeX/texmf-dist/tex/latex/hyperref/nameref.sty
Package: nameref 2021-04-02 v2.47 Cross-referencing by name of section
(/Users/lorelong/Library/TinyTeX/texmf-dist/tex/latex/refcount/refcount.sty
Package: refcount 2019/12/15 v3.6 Data extraction from label references (HO)
) (/Users/lorelong/Library/TinyTeX/texmf-dist/tex/generic/gettitlestring/gettitlestring.sty
Package: gettitlestring 2019/12/15 v1.6 Cleanup title references (HO)
)
\c@section@level=\count310
)
LaTeX Info: Redefining \ref on input line 92.
LaTeX Info: Redefining \pageref on input line 92.
LaTeX Info: Redefining \nameref on input line 92.
\@outlinefile=\write3

\openout3 = data_report.out
*geometry* driver: auto-detecting
*geometry* detected driver: luatex
*geometry* verbose mode - [ preamble ] result:
* driver: luatex
* paper: <default>
* layout: <same size as paper>
* layoutoffset:(h,v)=(0.0pt,0.0pt)
* modes: 
* h-part:(L,W,R)=(85.35826pt, 443.57848pt, 85.35826pt)
* v-part:(T,H,B)=(56.9055pt, 681.15898pt, 56.9055pt)
* \paperwidth=614.295pt
* \paperheight=794.96999pt
* \textwidth=443.57848pt
* \textheight=681.15898pt
* \oddsidemargin=13.08827pt
* \evensidemargin=13.08827pt
* \topmargin=-52.36449pt
* \headheight=12.0pt
* \headsep=25.0pt
* \topskip=10.0pt
* \footskip=30.0pt
* \marginparwidth=65.0pt
* \marginparsep=11.0pt
* \columnsep=10.0pt
* \skip\footins=9.0pt plus 4.0pt minus 2.0pt
* \hoffset=0.0pt
* \voffset=0.0pt
* \mag=1000
* \@twocolumnfalse
* \@twosidefalse
* \@mparswitchfalse
* \@reversemarginfalse
* (1in=72.27pt=25.4mm, 1cm=28.453pt)

Package caption Info: Begin \AtBeginDocument code.
Package caption Info: End \AtBeginDocument code.
LaTeX Font Info:    Font shape `TU/Montserrat(0)/m/n' will be
(Font)              scaled to size 17.28pt on input line 94.
LaTeX Font Info:    Font shape `TU/Montserrat(0)/m/n' will be
(Font)              scaled to size 12.0pt on input line 94.
LaTeX Font Info:    Font shape `TU/latinmodern-math.otf(1)/m/n' will be
(Font)              scaled to size 14.61713pt on input line 94.
LaTeX Font Info:    Font shape `TU/latinmodern-math.otf(1)/m/n' will be
(Font)              scaled to size 9.74475pt on input line 94.
LaTeX Font Info:    Font shape `TU/latinmodern-math.otf(1)/m/n' will be
(Font)              scaled to size 7.30856pt on input line 94.
LaTeX Font Info:    Font shape `TU/latinmodern-math.otf(2)/m/n' will be
(Font)              scaled to size 14.61859pt on input line 94.
LaTeX Font Info:    Font shape `TU/latinmodern-math.otf(2)/m/n' will be
(Font)              scaled to size 9.74573pt on input line 94.
LaTeX Font Info:    Font shape `TU/latinmodern-math.otf(2)/m/n' will be
(Font)              scaled to size 7.3093pt on input line 94.
LaTeX Font Info:    Font shape `TU/latinmodern-math.otf(3)/m/n' will be
(Font)              scaled to size 14.61566pt on input line 94.
LaTeX Font Info:    Font shape `TU/latinmodern-math.otf(3)/m/n' will be
(Font)              scaled to size 9.74377pt on input line 94.
LaTeX Font Info:    Font shape `TU/latinmodern-math.otf(3)/m/n' will be
(Font)              scaled to size 7.30783pt on input line 94.
LaTeX Font Info:    Font shape `TU/Montserrat(0)/m/n' will be
(Font)              scaled to size 14.4pt on input line 97.
LaTeX Font Info:    Font shape `TU/Montserrat(0)/b/n' will be
(Font)              scaled to size 14.4pt on input line 97.
\tf@toc=\write4

\openout4 = data_report.toc

Underfull \hbox (badness 10000) in paragraph at lines 109--111

 []

<data_report_files/figure-latex/unnamed-chunk-2-1.pdf, id=4, 572.1375pt x 274.02374pt>
File: data_report_files/figure-latex/unnamed-chunk-2-1.pdf Graphic file (type pdf)
<use data_report_files/figure-latex/unnamed-chunk-2-1.pdf>
Package luatex.def Info: data_report_files/figure-latex/unnamed-chunk-2-1.pdf  used on input line 112.
(luatex.def)             Requested size: 443.58531pt x 212.45401pt.

Underfull \hbox (badness 10000) in paragraph at lines 112--115

 []


Underfull \hbox (badness 10000) in paragraph at lines 112--115

 []

<data_report_files/figure-latex/unnamed-chunk-3-1.pdf, id=5, 558.085pt x 438.63875pt>
File: data_report_files/figure-latex/unnamed-chunk-3-1.pdf Graphic file (type pdf)
<use data_report_files/figure-latex/unnamed-chunk-3-1.pdf>
Package luatex.def Info: data_report_files/figure-latex/unnamed-chunk-3-1.pdf  used on input line 117.
(luatex.def)             Requested size: 399.23213pt x 313.78496pt.
LaTeX Font Info:    Font shape `TU/Montserrat(0)/m/n' will be
(Font)              scaled to size 9.0pt on input line 117.
[1

{/Users/lorelong/Library/TinyTeX/texmf-var/fonts/map/pdftex/updmap/pdftex.map}<./data_report_files/figure-latex/unnamed-chunk-2-1.pdf>] [2<./data_report_files/figure-latex/unnamed-chunk-3-1.pdf>]
LaTeX Font Info:    Font shape `TU/Montserrat(0)/b/n' will be
(Font)              scaled to size 10.0pt on input line 124.

LaTeX Warning: Reference `tab:catch-table' on page 3 undefined on input line 124.


Underfull \hbox (badness 10000) in paragraph at lines 124--126

 []

<data_report_files/figure-latex/overall-prop-1.pdf, id=38, 516.93124pt x 640.3925pt>
File: data_report_files/figure-latex/overall-prop-1.pdf Graphic file (type pdf)
<use data_report_files/figure-latex/overall-prop-1.pdf>
Package luatex.def Info: data_report_files/figure-latex/overall-prop-1.pdf  used on input line 130.
(luatex.def)             Requested size: 443.59778pt x 549.54445pt.
[3]
<data_report_files/figure-latex/catch-value-1.pdf, id=45, 410.53375pt x 496.85625pt>
File: data_report_files/figure-latex/catch-value-1.pdf Graphic file (type pdf)
<use data_report_files/figure-latex/catch-value-1.pdf>
Package luatex.def Info: data_report_files/figure-latex/catch-value-1.pdf  used on input line 136.
(luatex.def)             Requested size: 443.57657pt x 536.84694pt.
[4<./data_report_files/figure-latex/overall-prop-1.pdf>]
<data_report_files/figure-latex/unnamed-chunk-4-1.pdf, id=57, 585.18625pt x 852.18375pt>
File: data_report_files/figure-latex/unnamed-chunk-4-1.pdf Graphic file (type pdf)
<use data_report_files/figure-latex/unnamed-chunk-4-1.pdf>
Package luatex.def Info: data_report_files/figure-latex/unnamed-chunk-4-1.pdf  used on input line 140.
(luatex.def)             Requested size: 443.5943pt x 645.98895pt.
[5<./data_report_files/figure-latex/catch-value-1.pdf>]
Overfull \vbox (4.16318pt too high) has occurred while \output is active []

[6<./data_report_files/figure-latex/unnamed-chunk-4-1.pdf>]
<data_report_files/figure-latex/unnamed-chunk-5-1.pdf, id=81, 572.1375pt x 274.02374pt>
File: data_report_files/figure-latex/unnamed-chunk-5-1.pdf Graphic file (type pdf)
<use data_report_files/figure-latex/unnamed-chunk-5-1.pdf>
Package luatex.def Info: data_report_files/figure-latex/unnamed-chunk-5-1.pdf  used on input line 145.
(luatex.def)             Requested size: 443.58531pt x 212.45401pt.
<data_report_files/figure-latex/unnamed-chunk-6-1.pdf, id=82, 572.1375pt x 274.02374pt>
File: data_report_files/figure-latex/unnamed-chunk-6-1.pdf Graphic file (type pdf)
<use data_report_files/figure-latex/unnamed-chunk-6-1.pdf>
Package luatex.def Info: data_report_files/figure-latex/unnamed-chunk-6-1.pdf  used on input line 151.
(luatex.def)             Requested size: 443.58531pt x 212.45401pt.
<data_report_files/figure-latex/unnamed-chunk-7-1.pdf, id=83, 645.41125pt x 278.03876pt>
File: data_report_files/figure-latex/unnamed-chunk-7-1.pdf Graphic file (type pdf)
<use data_report_files/figure-latex/unnamed-chunk-7-1.pdf>
Package luatex.def Info: data_report_files/figure-latex/unnamed-chunk-7-1.pdf  used on input line 156.
(luatex.def)             Requested size: 443.57143pt x 191.08752pt.
[7<./data_report_files/figure-latex/unnamed-chunk-5-1.pdf><./data_report_files/figure-latex/unnamed-chunk-6-1.pdf>]
LaTeX Font Info:    Font shape `TU/Montserrat(0)/m/n' will be
(Font)              scaled to size 7.0pt on input line 164.
LaTeX Font Info:    Font shape `TU/Montserrat(0)/m/n' will be
(Font)              scaled to size 5.0pt on input line 164.

LaTeX Warning: Reference `fig:flowchart' on page 8 undefined on input line 164.


Overfull \hbox (4.67142pt too wide) in paragraph at lines 173--175
[][]$[][]$[][]\TU/Montserrat(0)/m/n/10 .
 []


Overfull \hbox (68.0814pt too wide) in paragraph at lines 175--177
[][]$[][]$[][]\TU/Montserrat(0)/m/n/10 .
 []


Overfull \hbox (163.33138pt too wide) in paragraph at lines 177--178
[][]$[][]$[][]\TU/Montserrat(0)/m/n/10 .
 []

[8<./data_report_files/figure-latex/unnamed-chunk-7-1.pdf>]
<inst/report_files/flowchart.png, id=126, 493.78477pt x 189.3474pt>
File: inst/report_files/flowchart.png Graphic file (type png)
<use inst/report_files/flowchart.png>
Package luatex.def Info: inst/report_files/flowchart.png  used on input line 183.
(luatex.def)             Requested size: 493.79108pt x 189.34981pt.

Overfull \hbox (50.2126pt too wide) in paragraph at lines 183--183
[][] 
 []

LaTeX Font Info:    Font shape `TU/latinmodern-math.otf(1)/m/n' will be
(Font)              scaled to size 10.96284pt on input line 183.
LaTeX Font Info:    Font shape `TU/latinmodern-math.otf(2)/m/n' will be
(Font)              scaled to size 10.96394pt on input line 183.
LaTeX Font Info:    Font shape `TU/latinmodern-math.otf(3)/m/n' will be
(Font)              scaled to size 10.96175pt on input line 183.
LaTeX Font Info:    Font shape `TU/Montserrat(0)/m/n' will be
(Font)              scaled to size 6.0pt on input line 183.

Underfull \hbox (badness 10000) in paragraph at lines 183--183
[]\TU/Montserrat(0)/m/n/9 Fig-ure 4.1: |A di-a-gram-matic rep-re-sen-ta-tion of the Peskas ap-pli-ca-tion. From
 []

[9<./inst/report_files/flowchart.png>]
LaTeX Font Info:    Font shape `TU/Montserrat(0)/b/n' will be
(Font)              scaled to size 9.0pt on input line 192.

Overfull \hbox (24.42152pt too wide) in alignment at lines 189--194
 [][][][] 
 []

LaTeX Font Info:    Font shape `TU/Montserrat(0)/m/it' will be
(Font)              scaled to size 9.0pt on input line 195.

Overfull \hbox (24.42152pt too wide) in alignment at lines 194--199
 [][][][] 
 []


Overfull \hbox (24.42152pt too wide) in alignment at lines 199--201
 [][][][] 
 []


Overfull \hbox (24.42152pt too wide) in alignment at lines 201--203
 [][][][] 
 []

! Undefined control sequence.
l.204 \cellcolor
              {gray!6}{1} & \cellcolor{gray!6}{SKH} & \cellcolor{gray!6}{Car...

Here is how much of LuaTeX's memory you used:
 18983 strings out of 478092
 100000,953878 words of node,token memory allocated
 6527 words of node memory still in use:
   82 hlist, 17 vlist, 35 rule, 24 disc, 12 local_par, 2 dir, 199 glue, 87 kern, 32 penalty, 282 glyph, 4 align_record, 146 attribute, 68 glue_spec, 146 attribute_list, 4 temp, 1 align_stack, 3 write, 1 user_defined, 1 pdf_dest, 4 pdf_colorstack nodes
   avail lists: 1:2,2:9,3:127,4:46,5:846,6:17,7:3944,8:21,9:61,10:14,11:353
 38651 multiletter control sequences out of 65536+600000
 101 fonts using 32354439 bytes
 87i,9n,122p,561b,569s stack positions out of 5000i,500n,10000p,200000b,80000s
!  ==> Fatal error occurred, no output PDF file produced!
